NetworkManager-wifi-1.46.0-13.el9_4.x86_64
Last metadata expiration check: 10:45:42 ago on Tue 27 Aug 2024 12:46:48 PM +07.
Dependencies resolved.
================================================================================
 Package                 Architecture Version                Repository    Size
================================================================================
Upgrading:
 glibc                   x86_64       2.34-100.el9_4.3       baseos       1.9 M
 glibc-common            x86_64       2.34-100.el9_4.3       baseos       296 k
 glibc-gconv-extra       x86_64       2.34-100.el9_4.3       baseos       1.6 M
 glibc-langpack-en       x86_64       2.34-100.el9_4.3       baseos       552 k

Transaction Summary
================================================================================
Upgrade  4 Packages

Total download size: 4.4 M
Downloading Packages:
(1/4): glibc-common-2.34-100.el9_4.3.x86_64.rpm 1.0 MB/s | 296 kB     00:00    
(2/4): glibc-langpack-en-2.34-100.el9_4.3.x86_6 2.1 MB/s | 552 kB     00:00    
(3/4): glibc-2.34-100.el9_4.3.x86_64.rpm        3.1 MB/s | 1.9 MB     00:00    
(4/4): glibc-gconv-extra-2.34-100.el9_4.3.x86_6 1.8 MB/s | 1.6 MB     00:00    
--------------------------------------------------------------------------------
Total                                           2.0 MB/s | 4.4 MB     00:02     
Running transaction check
Transaction check succeeded.
Running transaction test
Transaction test succeeded.
Running transaction
  Preparing        :                                                        1/1 
  Upgrading        : glibc-common-2.34-100.el9_4.3.x86_64                   1/8 
  Upgrading        : glibc-gconv-extra-2.34-100.el9_4.3.x86_64              2/8 
  Running scriptlet: glibc-gconv-extra-2.34-100.el9_4.3.x86_64              2/8 
  Upgrading        : glibc-langpack-en-2.34-100.el9_4.3.x86_64              3/8 
  Running scriptlet: glibc-2.34-100.el9_4.3.x86_64                          4/8 
  Upgrading        : glibc-2.34-100.el9_4.3.x86_64                          4/8 
  Running scriptlet: glibc-2.34-100.el9_4.3.x86_64                          4/8 
  Cleanup          : glibc-2.34-100.el9_4.2.alma.2.x86_64                   5/8 
  Cleanup          : glibc-langpack-en-2.34-100.el9_4.2.alma.2.x86_64       6/8 
  Cleanup          : glibc-gconv-extra-2.34-100.el9_4.2.alma.2.x86_64       7/8 
  Running scriptlet: glibc-gconv-extra-2.34-100.el9_4.2.alma.2.x86_64       7/8 
  Cleanup          : glibc-common-2.34-100.el9_4.2.alma.2.x86_64            8/8 
  Running scriptlet: glibc-common-2.34-100.el9_4.2.alma.2.x86_64            8/8 
  Verifying        : glibc-2.34-100.el9_4.3.x86_64                          1/8 
  Verifying        : glibc-2.34-100.el9_4.2.alma.2.x86_64                   2/8 
  Verifying        : glibc-common-2.34-100.el9_4.3.x86_64                   3/8 
  Verifying        : glibc-common-2.34-100.el9_4.2.alma.2.x86_64            4/8 
  Verifying        : glibc-gconv-extra-2.34-100.el9_4.3.x86_64              5/8 
  Verifying        : glibc-gconv-extra-2.34-100.el9_4.2.alma.2.x86_64       6/8 
  Verifying        : glibc-langpack-en-2.34-100.el9_4.3.x86_64              7/8 
  Verifying        : glibc-langpack-en-2.34-100.el9_4.2.alma.2.x86_64       8/8 

Upgraded:
  glibc-2.34-100.el9_4.3.x86_64                                                 
  glibc-common-2.34-100.el9_4.3.x86_64                                          
  glibc-gconv-extra-2.34-100.el9_4.3.x86_64                                     
  glibc-langpack-en-2.34-100.el9_4.3.x86_64                                     

Complete!
Last metadata expiration check: 10:45:47 ago on Tue 27 Aug 2024 12:46:48 PM +07.
